{"type":"server-started","port":58738,"host":"127.0.0.1","url_host":"localhost","url":"http://localhost:58738","screen_dir":"/Users/logancooney/Projects/elcee-website/.superpowers/brainstorm/29162-1777545391/content","state_dir":"/Users/logancooney/Projects/elcee-website/.superpowers/brainstorm/29162-1777545391/state"}
{"type":"screen-added","file":"/Users/logancooney/Projects/elcee-website/.superpowers/brainstorm/29162-1777545391/content/conversion-audit.html"}
{"type":"screen-added","file":"/Users/logancooney/Projects/elcee-website/.superpowers/brainstorm/29162-1777545391/content/booking-section-options.html"}
{"source":"user-event","type":"click","text":"A\n      \n        Free call is the hero\n        White full-width button stands out. Paid options are secondary beneath it. Guides undecided visitors to the free call first.","choice":"option-a","id":null,"timestamp":1777545643158}
{"type":"screen-added","file":"/Users/logancooney/Projects/elcee-website/.superpowers/brainstorm/29162-1777545391/content/page-structure.html"}
{"source":"user-event","type":"click","text":"B\n      \n        Lean with credibility — recommended\n        Booking is right after the hero. A small block of credibility below it, then social proof. Cuts everything that doesn't directly earn the booking.\n        \n          Short hero (headline + price + \"Book Free Call\" CTA)\n          ▼ Booking section (free call hero + online + in-person)\n          ▼ What you'll get (3 tight bullet points — no grid, no numbered labels)\n          ▼ Pricing (inline — just the two numbers, no separate section)\n          ▼ 2–3 testimonials\n          ▼ FAQ\n          ✂ Cut: The Case, The Guide, How It Works, Bulk Sessions (move to /booking or link from FAQ)","choice":"lean-credibility","id":null,"timestamp":1777545737995}
{"type":"screen-added","file":"/Users/logancooney/Projects/elcee-website/.superpowers/brainstorm/29162-1777545391/content/full-design.html"}
{"type":"screen-added","file":"/Users/logancooney/Projects/elcee-website/.superpowers/brainstorm/29162-1777545391/content/tutoring-detail.html"}
{"type":"screen-added","file":"/Users/logancooney/Projects/elcee-website/.superpowers/brainstorm/29162-1777545391/content/tutoring-hero-copy.html"}
{"type":"screen-added","file":"/Users/logancooney/Projects/elcee-website/.superpowers/brainstorm/29162-1777545391/content/full-design-v2.html"}
{"type":"screen-added","file":"/Users/logancooney/Projects/elcee-website/.superpowers/brainstorm/29162-1777545391/content/section3-options.html"}
{"source":"user-event","type":"click","text":"A\n      \n        Production, mixing, recording & songwriting\n        Ableton, any DAW, vocal engineering, flow, lyricism. Online or in the studio in Manchester. Pick what you need.","choice":"b1-a","id":null,"timestamp":1777547821330}
{"source":"user-event","type":"click","text":"C\n      \n        Every session built around you\n        What you're working on is what we work on. No course, no curriculum — just direct, honest feedback that moves you forward.","choice":"b2-c","id":null,"timestamp":1777547827969}
{"source":"user-event","type":"click","text":"C\n      \n        6+ years. Real credits. Still making music.\n        Recording artist, mixing engineer, studio owner. The experience to know what works — and the honesty to tell you when something doesn't.","choice":"b3-c","id":null,"timestamp":1777547837228}
{"type":"screen-added","file":"/Users/logancooney/Projects/elcee-website/.superpowers/brainstorm/29162-1777545391/content/studio-structure.html"}
{"source":"user-event","type":"click","text":"B\n      \n        One booking block — free call leads, services beneath\n        \n          Free 20-Min Call (white, prominent) → same Calendly\n          Book Studio Time £35/hr → Calendly\n          Mix/Master → links to a separate section lower on the page\n          Mixing prices live in their own section below, not in the booking block.","choice":"studio-unified","id":null,"timestamp":1777548002350}
{"type":"screen-added","file":"/Users/logancooney/Projects/elcee-website/.superpowers/brainstorm/29162-1777545391/content/studio-loyalty.html"}
{"source":"user-event","type":"click","text":"B\n      \n        Serious Artist Plan\n        Not for everyone. For artists who are ready to commit to their craft and show up consistently. Monthly access, elevated rate, priority slots.\n        Direct, honest, filters for the right clients.","choice":"name-committed","id":null,"timestamp":1777548177199}
{"source":"user-event","type":"click","text":"A\n      \n        Separate section below booking — dark, premium feel\n        After the main booking block and the 3 credibility bullets, a distinct section appears. Different background colour (deep charcoal or near-black with a border) to signal it's a different tier. Headline: \"For artists ready to commit.\" Then the rate, what's included, and a CTA.","choice":"placement-section","id":null,"timestamp":1777548188436}
{"type":"screen-added","file":"/Users/logancooney/Projects/elcee-website/.superpowers/brainstorm/29162-1777545391/content/studio-booking-final.html"}
{"source":"user-event","type":"click","text":"✎\n      \n        Changes needed\n        Tell me what in the terminal.","choice":"changes-needed","id":null,"timestamp":1777548629719}
{"type":"screen-added","file":"/Users/logancooney/Projects/elcee-website/.superpowers/brainstorm/29162-1777545391/content/packs-placement.html"}
{"source":"user-event","type":"click","text":"A\n      Fourth row inlineAlways visible, no scrolling needed.","choice":"packs-a","id":null,"timestamp":1777548723454}
{"type":"screen-added","file":"/Users/logancooney/Projects/elcee-website/.superpowers/brainstorm/29162-1777545391/content/final-summary.html"}
{"type":"screen-added","file":"/Users/logancooney/Projects/elcee-website/.superpowers/brainstorm/29162-1777545391/content/free-call-strategy.html"}
{"source":"user-event","type":"click","text":"B\n      \n        Separate links per service type\n        \n          E.g. \"Free Tutoring Consultation\", \"Free Track Feedback\", \"Free Studio Enquiry\". Visitor self-selects. You get clean analytics on which service drives most enquiries. Can customise confirmation emails per service.\n          Best for: You want to prepare differently for each call type and track which services are converting.","choice":"separate-links","id":null,"timestamp":1777549198604}
{"type":"screen-added","file":"/Users/logancooney/Projects/elcee-website/.superpowers/brainstorm/29162-1777545391/content/crm-questions.html"}
{"type":"server-stopped","reason":"idle timeout"}
